# JRE version: Java(TM) SE Runtime Environment (7.0_75-b13) (build 1.7.0_75-b13)
# Java VM: Java HotSpot(TM) 64-Bit Server VM (24.75-b04 mixed mode windows-amd64 compressed oops)
Heap
 PSYoungGen      total 75776K, used 67622K [0x00000007ab200000, 0x00000007b1300000, 0x0000000800000000)
  eden space 61440K, 87% used [0x00000007ab200000,0x00000007ae673038,0x00000007aee00000)
  from space 14336K, 97% used [0x00000007aef00000,0x00000007afc96a90,0x00000007afd00000)
  to   space 18944K, 0% used [0x00000007b0080000,0x00000007b0080000,0x00000007b1300000)
 ParOldGen       total 173568K, used 14997K [0x0000000701600000, 0x000000070bf80000, 0x00000007ab200000)
  object space 173568K, 8% used [0x0000000701600000,0x00000007024a55e8,0x000000070bf80000)
 PSPermGen       total 28672K, used 28274K [0x00000006fc400000, 0x00000006fe000000, 0x0000000701600000)
  object space 28672K, 98% used [0x00000006fc400000,0x00000006fdf9cac0,0x00000006fe000000)
GC Heap History (10 events):
Event: 4.320 GC heap before
{Heap before GC invocations=3 (full 0):
 PSYoungGen      total 76288K, used 73520K [0x00000007ab200000, 0x00000007b0700000, 0x0000000800000000)
  eden space 65536K, 100% used [0x00000007ab200000,0x00000007af200000,0x00000007af200000)
  from space 10752K, 74% used [0x00000007afc80000,0x00000007b044c3e0,0x00000007b0700000)
  to   space 10752K, 0% used [0x00000007af200000,0x00000007af200000,0x00000007afc80000)
 ParOldGen       total 173568K, used 16K [0x0000000701600000, 0x000000070bf80000, 0x00000007ab200000)
  object space 173568K, 0% used [0x0000000701600000,0x0000000701604000,0x000000070bf80000)
 PSPermGen       total 21504K, used 14464K [0x00000006fc400000, 0x00000006fd900000, 0x0000000701600000)
  object space 21504K, 67% used [0x00000006fc400000,0x00000006fd220140,0x00000006fd900000)
Event: 4.335 GC heap after
Heap after GC invocations=3 (full 0):
 PSYoungGen      total 76288K, used 10746K [0x00000007ab200000, 0x00000007b0700000, 0x0000000800000000)
  eden space 65536K, 0% used [0x00000007ab200000,0x00000007ab200000,0x00000007af200000)
  from space 10752K, 99% used [0x00000007af200000,0x00000007afc7e9b8,0x00000007afc80000)
  to   space 10752K, 0% used [0x00000007afc80000,0x00000007afc80000,0x00000007b0700000)
 ParOldGen       total 173568K, used 2508K [0x0000000701600000, 0x000000070bf80000, 0x00000007ab200000)
  object space 173568K, 1% used [0x0000000701600000,0x00000007018733d8,0x000000070bf80000)
 PSPermGen       total 21504K, used 14464K [0x00000006fc400000, 0x00000006fd900000, 0x0000000701600000)
  object space 21504K, 67% used [0x00000006fc400000,0x00000006fd220140,0x00000006fd900000)
}
Event: 6.603 GC heap before
{Heap before GC invocations=4 (full 0):
 PSYoungGen      total 76288K, used 76282K [0x00000007ab200000, 0x00000007b0700000, 0x0000000800000000)
  eden space 65536K, 100% used [0x00000007ab200000,0x00000007af200000,0x00000007af200000)
  from space 10752K, 99% used [0x00000007af200000,0x00000007afc7e9b8,0x00000007afc80000)
  to   space 10752K, 0% used [0x00000007afc80000,0x00000007afc80000,0x00000007b0700000)
 ParOldGen       total 173568K, used 2508K [0x0000000701600000, 0x000000070bf80000, 0x00000007ab200000)
  object space 173568K, 1% used [0x0000000701600000,0x00000007018733d8,0x000000070bf80000)
 PSPermGen       total 21504K, used 15199K [0x00000006fc400000, 0x00000006fd900000, 0x0000000701600000)
  object space 21504K, 70% used [0x00000006fc400000,0x00000006fd2d7f50,0x00000006fd900000)
Event: 6.617 GC heap after
Heap after GC invocations=4 (full 0):
 PSYoungGen      total 76288K, used 10720K [0x00000007ab200000, 0x00000007b0700000, 0x0000000800000000)
  eden space 65536K, 0% used [0x00000007ab200000,0x00000007ab200000,0x00000007af200000)
  from space 10752K, 99% used [0x00000007afc80000,0x00000007b06f8020,0x00000007b0700000)
  to   space 10752K, 0% used [0x00000007af200000,0x00000007af200000,0x00000007afc80000)
 ParOldGen       total 173568K, used 5798K [0x0000000701600000, 0x000000070bf80000, 0x00000007ab200000)
  object space 173568K, 3% used [0x0000000701600000,0x0000000701ba9be8,0x000000070bf80000)
 PSPermGen       total 21504K, used 15199K [0x00000006fc400000, 0x00000006fd900000, 0x0000000701600000)
  object space 21504K, 70% used [0x00000006fc400000,0x00000006fd2d7f50,0x00000006fd900000)
}
Event: 7.949 GC heap before
{Heap before GC invocations=5 (full 0):
 PSYoungGen      total 76288K, used 76256K [0x00000007ab200000, 0x00000007b0700000, 0x0000000800000000)
  eden space 65536K, 100% used [0x00000007ab200000,0x00000007af200000,0x00000007af200000)
  from space 10752K, 99% used [0x00000007afc80000,0x00000007b06f8020,0x00000007b0700000)
  to   space 10752K, 0% used [0x00000007af200000,0x00000007af200000,0x00000007afc80000)
 ParOldGen       total 173568K, used 5798K [0x0000000701600000, 0x000000070bf80000, 0x00000007ab200000)
  object space 173568K, 3% used [0x0000000701600000,0x0000000701ba9be8,0x000000070bf80000)
 PSPermGen       total 21504K, used 16423K [0x00000006fc400000, 0x00000006fd900000, 0x0000000701600000)
  object space 21504K, 76% used [0x00000006fc400000,0x00000006fd409d58,0x00000006fd900000)
Event: 7.964 GC heap after
Heap after GC invocations=5 (full 0):
 PSYoungGen      total 74752K, used 10736K [0x00000007ab200000, 0x00000007b1380000, 0x0000000800000000)
  eden space 64000K, 0% used [0x00000007ab200000,0x00000007ab200000,0x00000007af080000)
  from space 10752K, 99% used [0x00000007af200000,0x00000007afc7c010,0x00000007afc80000)
  to   space 17920K, 0% used [0x00000007b0200000,0x00000007b0200000,0x00000007b1380000)
 ParOldGen       total 173568K, used 9847K [0x0000000701600000, 0x000000070bf80000, 0x00000007ab200000)
  object space 173568K, 5% used [0x0000000701600000,0x0000000701f9dd78,0x000000070bf80000)
 PSPermGen       total 21504K, used 16423K [0x00000006fc400000, 0x00000006fd900000, 0x0000000701600000)
  object space 21504K, 76% used [0x00000006fc400000,0x00000006fd409d58,0x00000006fd900000)
}
Event: 9.246 GC heap before
{Heap before GC invocations=6 (full 0):
 PSYoungGen      total 74752K, used 74736K [0x00000007ab200000, 0x00000007b1380000, 0x0000000800000000)
  eden space 64000K, 100% used [0x00000007ab200000,0x00000007af080000,0x00000007af080000)
  from space 10752K, 99% used [0x00000007af200000,0x00000007afc7c010,0x00000007afc80000)
  to   space 17920K, 0% used [0x00000007b0200000,0x00000007b0200000,0x00000007b1380000)
 ParOldGen       total 173568K, used 9847K [0x0000000701600000, 0x000000070bf80000, 0x00000007ab200000)
  object space 173568K, 5% used [0x0000000701600000,0x0000000701f9dd78,0x000000070bf80000)
 PSPermGen       total 21504K, used 18196K [0x00000006fc400000, 0x00000006fd900000, 0x0000000701600000)
  object space 21504K, 84% used [0x00000006fc400000,0x00000006fd5c53a8,0x00000006fd900000)
Event: 9.262 GC heap after
Heap after GC invocations=6 (full 0):
 PSYoungGen      total 80384K, used 15860K [0x00000007ab200000, 0x00000007b1400000, 0x0000000800000000)
  eden space 62464K, 0% used [0x00000007ab200000,0x00000007ab200000,0x00000007aef00000)
  from space 17920K, 88% used [0x00000007b0200000,0x00000007b117d2e8,0x00000007b1380000)
  to   space 18944K, 0% used [0x00000007aef00000,0x00000007aef00000,0x00000007b0180000)
 ParOldGen       total 173568K, used 9855K [0x0000000701600000, 0x000000070bf80000, 0x00000007ab200000)
  object space 173568K, 5% used [0x0000000701600000,0x0000000701f9fd78,0x000000070bf80000)
 PSPermGen       total 21504K, used 18196K [0x00000006fc400000, 0x00000006fd900000, 0x0000000701600000)
  object space 21504K, 84% used [0x00000006fc400000,0x00000006fd5c53a8,0x00000006fd900000)
}
Event: 11.016 GC heap before
{Heap before GC invocations=7 (full 0):
 PSYoungGen      total 80384K, used 78324K [0x00000007ab200000, 0x00000007b1400000, 0x0000000800000000)
  eden space 62464K, 100% used [0x00000007ab200000,0x00000007aef00000,0x00000007aef00000)
  from space 17920K, 88% used [0x00000007b0200000,0x00000007b117d2e8,0x00000007b1380000)
  to   space 18944K, 0% used [0x00000007aef00000,0x00000007aef00000,0x00000007b0180000)
 ParOldGen       total 173568K, used 9855K [0x0000000701600000, 0x000000070bf80000, 0x00000007ab200000)
  object space 173568K, 5% used [0x0000000701600000,0x0000000701f9fd78,0x000000070bf80000)
 PSPermGen       total 22528K, used 22221K [0x00000006fc400000, 0x00000006fda00000, 0x0000000701600000)
  object space 22528K, 98% used [0x00000006fc400000,0x00000006fd9b3618,0x00000006fda00000)
Event: 11.035 GC heap after
Heap after GC invocations=7 (full 0):
 PSYoungGen      total 75776K, used 13914K [0x00000007ab200000, 0x00000007b1300000, 0x0000000800000000)
  eden space 61440K, 0% used [0x00000007ab200000,0x00000007ab200000,0x00000007aee00000)
  from space 14336K, 97% used [0x00000007aef00000,0x00000007afc96a90,0x00000007afd00000)
  to   space 18944K, 0% used [0x00000007b0080000,0x00000007b0080000,0x00000007b1300000)
 ParOldGen       total 173568K, used 14997K [0x0000000701600000, 0x000000070bf80000, 0x00000007ab200000)
  object space 173568K, 8% used [0x0000000701600000,0x00000007024a55e8,0x000000070bf80000)
 PSPermGen       total 22528K, used 22221K [0x00000006fc400000, 0x00000006fda00000, 0x0000000701600000)
  object space 22528K, 98% used [0x00000006fc400000,0x00000006fd9b3618,0x00000006fda00000)
}

